c:\users\monstercheat\desktop\starfn-main\src\release\bin\vc143.pdb
c:\users\monstercheat\desktop\starfn-main\src\release\bin\m_main.obj
c:\users\monstercheat\desktop\starfn-main\src\release\bin\imgui_widgets.obj
c:\users\monstercheat\desktop\starfn-main\src\release\bin\imgui_tables.obj
c:\users\monstercheat\desktop\starfn-main\src\release\bin\imgui_impl_win32.obj
c:\users\monstercheat\desktop\starfn-main\src\release\bin\imgui_impl_dx11.obj
c:\users\monstercheat\desktop\starfn-main\src\release\bin\imgui_draw.obj
c:\users\monstercheat\desktop\starfn-main\src\release\bin\imgui.obj
c:\users\monstercheat\desktop\starfn-main\src\release\bin\driver.obj
c:\users\monstercheat\desktop\starfn-main\src\release\fortnite.exe
c:\users\monstercheat\desktop\starfn-main\src\release\fortnite.pdb
c:\users\monstercheat\desktop\starfn-main\src\release\bin\fortnite.ipdb
c:\users\monstercheat\desktop\starfn-main\src\release\bin\fortnite.iobj
c:\users\monstercheat\desktop\starfn-main\src\release\bin\project smv.tlog\cl.command.1.tlog
c:\users\monstercheat\desktop\starfn-main\src\release\bin\project smv.tlog\cl.items.tlog
c:\users\monstercheat\desktop\starfn-main\src\release\bin\project smv.tlog\cl.read.1.tlog
c:\users\monstercheat\desktop\starfn-main\src\release\bin\project smv.tlog\cl.write.1.tlog
c:\users\monstercheat\desktop\starfn-main\src\release\bin\project smv.tlog\link.command.1.tlog
c:\users\monstercheat\desktop\starfn-main\src\release\bin\project smv.tlog\link.read.1.tlog
c:\users\monstercheat\desktop\starfn-main\src\release\bin\project smv.tlog\link.secondary.1.tlog
c:\users\monstercheat\desktop\starfn-main\src\release\bin\project smv.tlog\link.write.1.tlog
